Copy pre-processed rms vcfs to mgqnap
Started: 10Jun2016_10:37:30

Raw data

sending incremental file list
rms120_vcf/
rms120_vcf/VARIANTS_khan01_20100319_2_khan02_20100804_2_bRMS209wga_E.khan01_20100319_2_khan02_20100804_2_tRMS209wga_E.vcf
rms120_vcf/VARIANTS_khan01_20100319_2_khan03_20100811_bRMS210WGA_E.khan01_20100319_2_khan03_20100811_tRMS210WGA_E.vcf
rms120_vcf/VARIANTS_khan01_20100319_khan03_20100730_2_bRMS206WGA_E.khan01_20100319_khan03_20100730_2_tRMS206WGA_E.vcf
rms120_vcf/VARIANTS_khan01_20100319_khan03_20100730_2_bRMS208WGA_E.khan01_20100319_khan03_20100730_2_tRMS208WGA_E.vcf
rms120_vcf/VARIANTS_khan01_20100406_2_khan02_20100903_2_bRMS228WGA_E.khan01_20100504_2_khan02_20100903_2_tRMS228WGA_E.vcf
rms120_vcf/VARIANTS_khan01_20100406_khan03_20100830_2_bRMS223WGA_E.khan01_20100406_khan03_20100830_2_tRMS223WGA_E.vcf
rms120_vcf/VARIANTS_khan01_20100406_khan03_20100830_2_bRMS224WGA_E.khan01_20100406_2_khan03_20100830_2_tRMS224WGA_E.vcf
rms120_vcf/VARIANTS_khan01_20100504_khan04_20100716_bRMS2015WGA_E.khan01_20100504_khan04_20100716_tRMS2015WGA_E.vcf
rms120_vcf/VARIANTS_khan01_20100528_2_bRMS2029WGA_E.khan01_20100528_2_tRMS2029WGA_E.vcf
rms120_vcf/VARIANTS_khan01_20100528_bRMS2020WGA_E.khan01_20100528_tRMS2020WGA_E.vcf
rms120_vcf/VARIANTS_khan01_20100617_2_bRMS2035WGA_E.khan01_20100617_2_tRMS2035WGA_E.vcf
rms120_vcf/VARIANTS_khan01_20100820_PE_2_bRMS2036WGA_E.khan01_20100820_PE_2_tRMS2036WGA_E.vcf
rms120_vcf/VARIANTS_khan01_20100929_PE_2_bRMS2048WGA_E.khan01_20100929_PE_2_tRMS2048WGA_E.vcf
rms120_vcf/VARIANTS_khan01_20100929_PE_bRMS2045WGA_E.khan01_20100929_PE_tRMS2045WGA_E.vcf
rms120_vcf/VARIANTS_khan01_20101029_PE_2_bRMS2058WGA_E.khan01_20101029_PE_2_tRMS2058WGA_E.vcf
rms120_vcf/VARIANTS_khan01_20101029_PE_bRMS2056WGA_E.khan01_20101029_PE_tRMS2056WGA_E.vcf
rms120_vcf/VARIANTS_khan01_20101123_PE_2_bRMS2053WGA_E.khan01_20101123_PE_2_tRMS2053WGA_E.vcf
rms120_vcf/VARIANTS_khan01_20101123_PE_bRMS001WGA_E.khan01_20101123_PE_tRMS001WGA_E.vcf
rms120_vcf/VARIANTS_khan01_20110225_PE_2_bRMS2004WGA_E.khan01_20110225_PE_2_tRMS2004WGA_E.vcf
rms120_vcf/VARIANTS_khan01_20110225_PE_bRMS2003WGA_E.khan01_20110225_PE_tRMS2003WGA_E.vcf
rms120_vcf/VARIANTS_khan01_20110527_PE_2_bRMS2074_E.khan01_20110527_PE_2_tRMS2074_E.vcf
rms120_vcf/VARIANTS_khan02_20100219_khan04_20100716_2_bRMS232_E.khan02_20100219_khan04_20100716_2_tRMS232_E.vcf
rms120_vcf/VARIANTS_khan02_20100305_2_khan02_20100804_2_bRMS231wga_E.khan02_20100305_2_khan02_20100804_2_tRMS231wga_E.vcf
rms120_vcf/VARIANTS_khan02_20100323_2_khan02_20100817_2_bRMS217WGA_E.khan02_20100323_2_khan02_20100817_2_tRMS217WGA_E.vcf
rms120_vcf/VARIANTS_khan02_20100323_khan02_20100817_bRMS214WGA_E.khan02_20100323_khan02_20100817_tRMS214WGA_E.vcf
rms120_vcf/VARIANTS_khan02_20100323_khan03_20100811_bRMS211WGA_E.khan02_20100323_khan03_20100811_tRMS211WGA_E.vcf
rms120_vcf/VARIANTS_khan02_20100402_2_khan02_20100903_2_bRMS227WGA_E.khan02_20100402_2_khan02_20100903_2_tRMS227WGA_E.vcf
rms120_vcf/VARIANTS_khan02_20100402_2_khan02_20100903_bRMS226WGA_E.khan02_20100402_2_khan02_20100903_tRMS226WGA_E.vcf
rms120_vcf/VARIANTS_khan02_20100402_khan05_20100316_2_bRMS205WGA_E.khan02_20100402_khan05_20100316_2_tRMS205WGA_E.vcf
rms120_vcf/VARIANTS_khan02_20100414_2_khan03_20100921_FRAG_bRMS246WGA_E.khan02_20100414_2_khan03_20100921_FRAG_tRMS246WGA_E.vcf
rms120_vcf/VARIANTS_khan02_20100414_2_khan04_20100914_FRAG_2_bRMS244WGA_E.khan02_20100414_2_khan04_20100914_FRAG_2_tRMS244WGA_E.vcf
rms120_vcf/VARIANTS_khan02_20100414_khan04_20100914_FRAG_2_bRMS242WGA_E.khan02_20100414_khan04_20100914_FRAG_2_tRMS242WGA_E.vcf
rms120_vcf/VARIANTS_khan02_20100414_khan04_20100914_FRAG_bRMS240WGA_E.khan02_20100414_khan04_20100914_FRAG_tRMS240WGA_E.vcf
rms120_vcf/VARIANTS_khan02_20100511_2_bRMS2017WGA_E.khan02_20100511_2_tRMS2017WGA_E.vcf
rms120_vcf/VARIANTS_khan02_20100511_bRMS2016WGA_E.khan02_20100511_tRMS2016WGA_E.vcf
rms120_vcf/VARIANTS_khan02_20100720_khan05_20100316_bRMS202WGA_E.khan02_20100720_khan05_20100316_tRMS202WGA_E.vcf
rms120_vcf/VARIANTS_khan02_20100720_khan05_20100316_bRMS248WGA_E.khan02_20100720_khan05_20100316_tRMS248WGA_E.vcf
rms120_vcf/VARIANTS_khan02_20100817_khan02_20100323_2_bRMS216WGA_E.khan02_20100817_khan02_20100323_2_tRMS216WGA_E.vcf
rms120_vcf/VARIANTS_khan02_20100903_khan01_20100406_2_bRMS225WGA_E.khan02_20100903_khan01_20100406_2_tRMS225WGA_E.vcf
rms120_vcf/VARIANTS_khan02_20100929_PE_2_bRMS2037WGA_E.khan02_20100929_PE_2_tRMS2037WGA_E.vcf
rms120_vcf/VARIANTS_khan02_20100929_PE_bRMS2050WGA_E.khan02_20100929_PE_tRMS2050WGA_E.vcf
rms120_vcf/VARIANTS_khan02_20101019_PE_2_bRMS2052WGA_E.khan02_20101019_PE_2_tRMS2052WGA_E.vcf
rms120_vcf/VARIANTS_khan02_20101019_PE_bRMS2051WGA_E.khan02_20101019_PE_tRMS2051WGA_E.vcf
rms120_vcf/VARIANTS_khan02_20101110_PE_2_bRMS2063WGA_E.khan02_20101110_PE_2_tRMS2063WGA_E.vcf
rms120_vcf/VARIANTS_khan02_20101110_PE_bRMS2062WGA_E.khan02_20101110_PE_tRMS2062WGA_E.vcf
rms120_vcf/VARIANTS_khan02_20101202_PE_bRMS002WGA_E.khan02_20101202_PE_tRMS002WGA_E.vcf
rms120_vcf/VARIANTS_khan02_20110323_PE_2_bRMS2008WGA_E.khan02_20110323_PE_2_tRMS2008WGA_E.vcf
rms120_vcf/VARIANTS_khan02_20110323_PE_bRMS2007WGA_E.khan02_20110323_PE_tRMS2007WGA_E.vcf
rms120_vcf/VARIANTS_khan02_20110609_PE_2_bRMS2076_E.khan02_20110609_PE_2_tRMS2076_E.vcf
rms120_vcf/VARIANTS_khan02_20110609_PE_bRMS2075WGA_E.khan02_20110609_PE_tRMS2075WGA_E.vcf
rms120_vcf/VARIANTS_khan02_20110714_PE_2_bRMS2091WGA_E.khan02_20110714_PE_2_tRMS2091WGA_E.vcf
rms120_vcf/VARIANTS_khan02_20110714_PE_bRMS2090WGA_E.khan02_20110714_PE_tRMS2090WGA_E.vcf
rms120_vcf/VARIANTS_khan02_20110808_PE_bRMS2092WGA_E.khan02_20110808_PE_tRMS2092WGA_E.vcf
rms120_vcf/VARIANTS_khan03_20100830_khan03_20100325_2_bRMS221WGA_E.khan03_20100830_khan03_20100325_2_tRMS221WGA_E.vcf
rms120_vcf/VARIANTS_khan03_20100830_khan06_20100326_bRMS222WGA_E.khan03_20100830_khan06_20100326_tRMS222WGA_E.vcf
rms120_vcf/VARIANTS_khan03_20101006_FRAG_bRMS2018WGA_E.khan03_20101006_FRAG_tRMS2018WGA_E.vcf
rms120_vcf/VARIANTS_khan03_20101110_PE_2_bRMS2061WGA_E.khan03_20101110_PE_2_tRMS2061WGA_E.vcf
rms120_vcf/VARIANTS_khan03_20101130_PE_bRMS2054WGA_E.khan03_20101130_PE_tRMS2054WGA_E.vcf
rms120_vcf/VARIANTS_khan03_20110114_PE_2_bRMS008WGA_E.khan03_20110114_PE_2_tRMS008WGA_E.vcf
rms120_vcf/VARIANTS_khan03_20110114_PE_bRMS006WGA_E.khan03_20110114_PE_tRMS006WGA_E.vcf
rms120_vcf/VARIANTS_khan03_20110204_PE_2_bRMS2067WGA_E.khan03_20110204_PE_2_tRMS2067WGA_E.vcf
rms120_vcf/VARIANTS_khan03_20110622_PE_2_bRMS2080WGA_E.khan03_20110622_PE_2_tRMS2080WGA_E.vcf
rms120_vcf/VARIANTS_khan03_20110715_PE_2_bRMS2093WGA_E.khan03_20110715_PE_2_tRMS2093WGA_E.vcf
rms120_vcf/VARIANTS_khan04_20100514_2_bRMS2023WGA_E.khan04_20100514_2_tRMS2023WGA_E.vcf
rms120_vcf/VARIANTS_khan04_20100514_bRMS2019WGA_E.khan04_20100514_tRMS2019WGA_E.vcf
rms120_vcf/VARIANTS_khan04_20100525_2_bRMS2028WGA_E.khan04_20100525_2_tRMS2028WGA_E.vcf
rms120_vcf/VARIANTS_khan04_20100525_bRMS2024WGA_E.khan04_20100525_tRMS2024WGA_E.vcf
rms120_vcf/VARIANTS_khan04_20100716_2_khan05_20100528_2_bRMS2032WGA_E.khan04_20100716_2_khan05_20100528_2_tRMS2032WGA_E.vcf
rms120_vcf/VARIANTS_khan04_20100716_khan05_20100528_2_bRMS2031WGA_E.khan04_20100716_khan05_20100528_2_tRMS2031WGA_E.vcf
rms120_vcf/VARIANTS_khan04_20100903_FRAG_2_khan05_20100420_bRMS238WGA_E.khan04_20100903_FRAG_2_khan06_20100408_2_tRMS238WGA_E.vcf
rms120_vcf/VARIANTS_khan04_20100903_FRAG_khan06_20100408_bRMS229WGA_E.khan04_20100903_FRAG_khan06_20100408_tRMS229WGA_E.vcf
rms120_vcf/VARIANTS_khan04_20100903_FRAG_khan06_20100408_bRMS230WGA_E.khan04_20100903_FRAG_khan06_20100408_tRMS230WGA_E.vcf
rms120_vcf/VARIANTS_khan04_20100930_PE_2_bRMS2041WGA_E.khan04_20100930_PE_2_tRMS2041WGA_E.vcf
rms120_vcf/VARIANTS_khan04_20100930_PE_bRMS2040WGA_E.khan04_20100930_PE_tRMS2040WGA_E.vcf
rms120_vcf/VARIANTS_khan04_20101021_PE_2_bRMS2057WGA_E.khan04_20110304_PE_tRMS2057WGA_E.vcf
rms120_vcf/VARIANTS_khan04_20101021_PE_bRMS2055WGA_E.khan04_20101021_PE_tRMS2055WGA_E.vcf
rms120_vcf/VARIANTS_khan04_20101119_PE_2_bRMS2072WGA_E.khan04_20101119_PE_2_tRMS2072WGA_E.vcf
rms120_vcf/VARIANTS_khan04_20101119_PE_bRMS2071WGA_E.khan04_20101119_PE_tRMS2071WGA_E.vcf
rms120_vcf/VARIANTS_khan04_20110324_PE_2_gRMS048WGA_E.khan04_20110324_PE_2_tRMS049WGA_E.vcf
rms120_vcf/VARIANTS_khan04_20110324_PE_gRMS046WGA_E.khan04_20110324_PE_tRMS047WGA_E.vcf
rms120_vcf/VARIANTS_khan04_20110426_PE_2_gRMS060WGA_E.khan04_20110426_PE_2_tRMS061WGA_E.vcf
rms120_vcf/VARIANTS_khan04_20110426_PE_gRMS056WGA_E.khan04_20110426_PE_tRMS057WGA_E.vcf
rms120_vcf/VARIANTS_khan04_20110623_PE_2_bRMS2082WGA_E.khan04_20110623_PE_2_tRMS2082WGA_E.vcf
rms120_vcf/VARIANTS_khan04_20110623_PE_bRMS2081WGA_E.khan04_20110623_PE_tRMS2081WGA_E.vcf
rms120_vcf/VARIANTS_khan04_20110722_PE_2_bRMS2097WGA_E.khan04_20110722_PE_2_tRMS2097WGA_E.vcf
rms120_vcf/VARIANTS_khan04_20110722_PE_bRMS2094WGA_E.khan04_20110722_PE_tRMS2094WGA_E.vcf
rms120_vcf/VARIANTS_khan05_20100316_2_khan06_20100326_bRMS204WGA_E.khan05_20100316_2_khan06_20100326_tRMS204WGA_E.vcf
rms120_vcf/VARIANTS_khan05_20100420_khan03_20100921_FRAG_bRMS247WGA_E.khan05_20100420_khan03_20100921_FRAG_tRMS247WGA_E.vcf
rms120_vcf/VARIANTS_khan05_20100420_khan04_20100914_FRAG_bRMS239WGA_E.khan06_20100408_2_khan04_20100914_FRAG_tRMS239WGA_E.vcf
rms120_vcf/VARIANTS_khan05_20100518_bRMS2025wga_E.khan05_20100518_tRMS2025wga_E.vcf
rms120_vcf/VARIANTS_khan05_20100528_bRMS2030WGA_E.khan05_20100528_tRMS2030WGA_E.vcf
rms120_vcf/VARIANTS_khan05_20100830_PE_2_bRMS2047WGA_E.khan05_20100830_PE_2_tRMS2047WGA_E.vcf
rms120_vcf/VARIANTS_khan05_20100830_PE_bRMS2046WGA_E.khan05_20100830_PE_tRMS2046WGA_E.vcf
rms120_vcf/VARIANTS_khan05_20101006_PE_2_bRMS2044WGA_E.khan05_20101006_PE_2_tRMS2044WGA_E.vcf
rms120_vcf/VARIANTS_khan05_20101006_PE_bRMS2042WGA_E.khan05_20101006_PE_tRMS2042WGA_E.vcf
rms120_vcf/VARIANTS_khan05_20101117_PE_2_bRMS2065WGA_E.khan05_20101117_PE_2_tRMS2065WGA_E.vcf
rms120_vcf/VARIANTS_khan05_20101117_PE_bRMS2064WGA_E.khan05_20101117_PE_tRMS2064WGA_E.vcf
rms120_vcf/VARIANTS_khan05_20101208_PE_2_bRMS007WGA_E.khan05_20101208_PE_2_tRMS007WGA_E.vcf
rms120_vcf/VARIANTS_khan05_20101208_PE_bRMS004WGA_E.khan05_20101208_PE_tRMS004WGA_E.vcf
rms120_vcf/VARIANTS_khan05_20110513_PE_gRMS054WGA_E.khan05_20110513_PE_tRMS055WGA_E.vcf
rms120_vcf/VARIANTS_khan05_20110610_PE_2_bRMS2078WGA_E.khan05_20110610_PE_2_tRMS2078WGA_E.vcf
rms120_vcf/VARIANTS_khan05_20110610_PE_bRMS2077WGA_E.khan05_20110610_PE_tRMS2077WGA_E.vcf
rms120_vcf/VARIANTS_khan05_20110707_PE_2_bRMS2085WGA_E.khan05_20110707_PE_2_tRMS2085WGA_E.vcf
rms120_vcf/VARIANTS_khan05_20110707_PE_bRMS2084WGA_E.khan05_20110707_PE_tRMS2084WGA_E.vcf
rms120_vcf/VARIANTS_khan05_20110728_PE_2_bRMS2099WGA_E.khan05_20110728_PE_2_tRMS2099WGA_E.vcf
rms120_vcf/VARIANTS_khan05_20110728_PE_bRMS2098WGA_E.khan05_20110728_PE_tRMS2098WGA_E.vcf
rms120_vcf/VARIANTS_khan06_20100408_2_khan04_20100903_FRAG_2_bRMS235WGA_E.khan06_20100408_2_khan04_20100903_FRAG_2_tRMS235WGA_E.vcf
rms120_vcf/VARIANTS_khan06_20100723_PE_2_bRMS2034WGA_E.khan06_20100723_PE_2_tRMS2034WGA_E.vcf
rms120_vcf/VARIANTS_khan06_20100825_PE_2_bRMS2049WGA_E.khan06_20100825_PE_2_tRMS2049WGA_E.vcf
rms120_vcf/VARIANTS_khan06_20100825_PE_bRMS2043WGA_E.khan06_20100825_PE_tRMS2043WGA_E.vcf
rms120_vcf/VARIANTS_khan06_20100930_PE_2_bRMS2039WGA_E.khan06_20100930_PE_2_tRMS2039WGA_E.vcf
rms120_vcf/VARIANTS_khan06_20100930_PE_bRMS2038WGA_E.khan06_20100930_PE_tRMS2038WGA_E.vcf
rms120_vcf/VARIANTS_khan06_20110218_PE_2_bRMS2002WGA_E.khan06_20110218_PE_2_tRMS2002WGA_E.vcf
rms120_vcf/VARIANTS_khan06_20110218_PE_bRMS2001WGA_E.khan06_20110218_PE_tRMS2001WGA_E.vcf
rms120_vcf/VARIANTS_khan06_20110414_PE_2_gRMS052WGA_E.khan06_20110414_PE_2_tRMS053WGA_E.vcf
rms120_vcf/VARIANTS_khan06_20110414_PE_gRMS050WGA_E.khan06_20110414_PE_tRMS051WGA_E.vcf
rms120_vcf/VARIANTS_khan06_20110708_PE_2_bRMS2089WGA_E.khan06_20110708_PE_2_tRMS2089WGA_E.vcf
rms120_vcf/VARIANTS_khan06_20110708_PE_bRMS2088WGA_E.khan06_20110708_PE_tRMS2088WGA_E.vcf
rms120_vcf/VARIANTS_khan06_20110803_PE_2_bRMS2102WGA_E.khan06_20110803_PE_2_tRMS2102WGA_E.vcf
rms120_vcf/VARIANTS_khan06_20110803_PE_bRMS2100WGA_E.khan06_20110803_PE_tRMS2100WGA_E.vcf
rms120_vcf/rms_files_samples_AL.MGcorr.07Jun2016.txt
rms120_vcf/test_list.txt

sent 2.05G bytes  received 2.34K bytes  95.53M bytes/sec
total size is 2.05G  speedup is 1.00
Reshaped data

sending incremental file list
s03_trimmed_vcfs/
s03_trimmed_vcfs/RMS_0001.trim.vcf
s03_trimmed_vcfs/RMS_0001.trim.vcf.idx
s03_trimmed_vcfs/RMS_0002.trim.vcf
s03_trimmed_vcfs/RMS_0002.trim.vcf.idx
s03_trimmed_vcfs/RMS_0004.trim.vcf
s03_trimmed_vcfs/RMS_0004.trim.vcf.idx
s03_trimmed_vcfs/RMS_0006.trim.vcf
s03_trimmed_vcfs/RMS_0006.trim.vcf.idx
s03_trimmed_vcfs/RMS_0007.trim.vcf
s03_trimmed_vcfs/RMS_0007.trim.vcf.idx
s03_trimmed_vcfs/RMS_0008.trim.vcf
s03_trimmed_vcfs/RMS_0008.trim.vcf.idx
s03_trimmed_vcfs/RMS_0047.trim.vcf
s03_trimmed_vcfs/RMS_0047.trim.vcf.idx
s03_trimmed_vcfs/RMS_0049.trim.vcf
s03_trimmed_vcfs/RMS_0049.trim.vcf.idx
s03_trimmed_vcfs/RMS_0051.trim.vcf
s03_trimmed_vcfs/RMS_0051.trim.vcf.idx
s03_trimmed_vcfs/RMS_0053.trim.vcf
s03_trimmed_vcfs/RMS_0053.trim.vcf.idx
s03_trimmed_vcfs/RMS_0055.trim.vcf
s03_trimmed_vcfs/RMS_0055.trim.vcf.idx
s03_trimmed_vcfs/RMS_0057.trim.vcf
s03_trimmed_vcfs/RMS_0057.trim.vcf.idx
s03_trimmed_vcfs/RMS_0061.trim.vcf
s03_trimmed_vcfs/RMS_0061.trim.vcf.idx
s03_trimmed_vcfs/RMS_0202.trim.vcf
s03_trimmed_vcfs/RMS_0202.trim.vcf.idx
s03_trimmed_vcfs/RMS_0204.trim.vcf
s03_trimmed_vcfs/RMS_0204.trim.vcf.idx
s03_trimmed_vcfs/RMS_0205.trim.vcf
s03_trimmed_vcfs/RMS_0205.trim.vcf.idx
s03_trimmed_vcfs/RMS_0206.trim.vcf
s03_trimmed_vcfs/RMS_0206.trim.vcf.idx
s03_trimmed_vcfs/RMS_0208.trim.vcf
s03_trimmed_vcfs/RMS_0208.trim.vcf.idx
s03_trimmed_vcfs/RMS_0209.trim.vcf
s03_trimmed_vcfs/RMS_0209.trim.vcf.idx
s03_trimmed_vcfs/RMS_0210.trim.vcf
s03_trimmed_vcfs/RMS_0210.trim.vcf.idx
s03_trimmed_vcfs/RMS_0211.trim.vcf
s03_trimmed_vcfs/RMS_0211.trim.vcf.idx
s03_trimmed_vcfs/RMS_0214.trim.vcf
s03_trimmed_vcfs/RMS_0214.trim.vcf.idx
s03_trimmed_vcfs/RMS_0216.trim.vcf
s03_trimmed_vcfs/RMS_0216.trim.vcf.idx
s03_trimmed_vcfs/RMS_0217.trim.vcf
s03_trimmed_vcfs/RMS_0217.trim.vcf.idx
s03_trimmed_vcfs/RMS_0221.trim.vcf
s03_trimmed_vcfs/RMS_0221.trim.vcf.idx
s03_trimmed_vcfs/RMS_0222.trim.vcf
s03_trimmed_vcfs/RMS_0222.trim.vcf.idx
s03_trimmed_vcfs/RMS_0223.trim.vcf
s03_trimmed_vcfs/RMS_0223.trim.vcf.idx
s03_trimmed_vcfs/RMS_0224.trim.vcf
s03_trimmed_vcfs/RMS_0224.trim.vcf.idx
s03_trimmed_vcfs/RMS_0225.trim.vcf
s03_trimmed_vcfs/RMS_0225.trim.vcf.idx
s03_trimmed_vcfs/RMS_0226.trim.vcf
s03_trimmed_vcfs/RMS_0226.trim.vcf.idx
s03_trimmed_vcfs/RMS_0227.trim.vcf
s03_trimmed_vcfs/RMS_0227.trim.vcf.idx
s03_trimmed_vcfs/RMS_0228.trim.vcf
s03_trimmed_vcfs/RMS_0228.trim.vcf.idx
s03_trimmed_vcfs/RMS_0229.trim.vcf
s03_trimmed_vcfs/RMS_0229.trim.vcf.idx
s03_trimmed_vcfs/RMS_0230.trim.vcf
s03_trimmed_vcfs/RMS_0230.trim.vcf.idx
s03_trimmed_vcfs/RMS_0231.trim.vcf
s03_trimmed_vcfs/RMS_0231.trim.vcf.idx
s03_trimmed_vcfs/RMS_0232.trim.vcf
s03_trimmed_vcfs/RMS_0232.trim.vcf.idx
s03_trimmed_vcfs/RMS_0235.trim.vcf
s03_trimmed_vcfs/RMS_0235.trim.vcf.idx
s03_trimmed_vcfs/RMS_0238.trim.vcf
s03_trimmed_vcfs/RMS_0238.trim.vcf.idx
s03_trimmed_vcfs/RMS_0239.trim.vcf
s03_trimmed_vcfs/RMS_0239.trim.vcf.idx
s03_trimmed_vcfs/RMS_0240.trim.vcf
s03_trimmed_vcfs/RMS_0240.trim.vcf.idx
s03_trimmed_vcfs/RMS_0242.trim.vcf
s03_trimmed_vcfs/RMS_0242.trim.vcf.idx
s03_trimmed_vcfs/RMS_0244.trim.vcf
s03_trimmed_vcfs/RMS_0244.trim.vcf.idx
s03_trimmed_vcfs/RMS_0246.trim.vcf
s03_trimmed_vcfs/RMS_0246.trim.vcf.idx
s03_trimmed_vcfs/RMS_0247.trim.vcf
s03_trimmed_vcfs/RMS_0247.trim.vcf.idx
s03_trimmed_vcfs/RMS_0248.trim.vcf
s03_trimmed_vcfs/RMS_0248.trim.vcf.idx
s03_trimmed_vcfs/RMS_2001.trim.vcf
s03_trimmed_vcfs/RMS_2001.trim.vcf.idx
s03_trimmed_vcfs/RMS_2002.trim.vcf
s03_trimmed_vcfs/RMS_2002.trim.vcf.idx
s03_trimmed_vcfs/RMS_2003.trim.vcf
s03_trimmed_vcfs/RMS_2003.trim.vcf.idx
s03_trimmed_vcfs/RMS_2004.trim.vcf
s03_trimmed_vcfs/RMS_2004.trim.vcf.idx
s03_trimmed_vcfs/RMS_2007.trim.vcf
s03_trimmed_vcfs/RMS_2007.trim.vcf.idx
s03_trimmed_vcfs/RMS_2008.trim.vcf
s03_trimmed_vcfs/RMS_2008.trim.vcf.idx
s03_trimmed_vcfs/RMS_2015.trim.vcf
s03_trimmed_vcfs/RMS_2015.trim.vcf.idx
s03_trimmed_vcfs/RMS_2016.trim.vcf
s03_trimmed_vcfs/RMS_2016.trim.vcf.idx
s03_trimmed_vcfs/RMS_2017.trim.vcf
s03_trimmed_vcfs/RMS_2017.trim.vcf.idx
s03_trimmed_vcfs/RMS_2018.trim.vcf
s03_trimmed_vcfs/RMS_2018.trim.vcf.idx
s03_trimmed_vcfs/RMS_2019.trim.vcf
s03_trimmed_vcfs/RMS_2019.trim.vcf.idx
s03_trimmed_vcfs/RMS_2020.trim.vcf
s03_trimmed_vcfs/RMS_2020.trim.vcf.idx
s03_trimmed_vcfs/RMS_2023.trim.vcf
s03_trimmed_vcfs/RMS_2023.trim.vcf.idx
s03_trimmed_vcfs/RMS_2024.trim.vcf
s03_trimmed_vcfs/RMS_2024.trim.vcf.idx
s03_trimmed_vcfs/RMS_2025.trim.vcf
s03_trimmed_vcfs/RMS_2025.trim.vcf.idx
s03_trimmed_vcfs/RMS_2028.trim.vcf
s03_trimmed_vcfs/RMS_2028.trim.vcf.idx
s03_trimmed_vcfs/RMS_2029.trim.vcf
s03_trimmed_vcfs/RMS_2029.trim.vcf.idx
s03_trimmed_vcfs/RMS_2030.trim.vcf
s03_trimmed_vcfs/RMS_2030.trim.vcf.idx
s03_trimmed_vcfs/RMS_2031.trim.vcf
s03_trimmed_vcfs/RMS_2031.trim.vcf.idx
s03_trimmed_vcfs/RMS_2032.trim.vcf
s03_trimmed_vcfs/RMS_2032.trim.vcf.idx
s03_trimmed_vcfs/RMS_2034.trim.vcf
s03_trimmed_vcfs/RMS_2034.trim.vcf.idx
s03_trimmed_vcfs/RMS_2035.trim.vcf
s03_trimmed_vcfs/RMS_2035.trim.vcf.idx
s03_trimmed_vcfs/RMS_2036.trim.vcf
s03_trimmed_vcfs/RMS_2036.trim.vcf.idx
s03_trimmed_vcfs/RMS_2037.trim.vcf
s03_trimmed_vcfs/RMS_2037.trim.vcf.idx
s03_trimmed_vcfs/RMS_2038.trim.vcf
s03_trimmed_vcfs/RMS_2038.trim.vcf.idx
s03_trimmed_vcfs/RMS_2039.trim.vcf
s03_trimmed_vcfs/RMS_2039.trim.vcf.idx
s03_trimmed_vcfs/RMS_2040.trim.vcf
s03_trimmed_vcfs/RMS_2040.trim.vcf.idx
s03_trimmed_vcfs/RMS_2041.trim.vcf
s03_trimmed_vcfs/RMS_2041.trim.vcf.idx
s03_trimmed_vcfs/RMS_2042.trim.vcf
s03_trimmed_vcfs/RMS_2042.trim.vcf.idx
s03_trimmed_vcfs/RMS_2043.trim.vcf
s03_trimmed_vcfs/RMS_2043.trim.vcf.idx
s03_trimmed_vcfs/RMS_2044.trim.vcf
s03_trimmed_vcfs/RMS_2044.trim.vcf.idx
s03_trimmed_vcfs/RMS_2045.trim.vcf
s03_trimmed_vcfs/RMS_2045.trim.vcf.idx
s03_trimmed_vcfs/RMS_2046.trim.vcf
s03_trimmed_vcfs/RMS_2046.trim.vcf.idx
s03_trimmed_vcfs/RMS_2047.trim.vcf
s03_trimmed_vcfs/RMS_2047.trim.vcf.idx
s03_trimmed_vcfs/RMS_2048.trim.vcf
s03_trimmed_vcfs/RMS_2048.trim.vcf.idx
s03_trimmed_vcfs/RMS_2049.trim.vcf
s03_trimmed_vcfs/RMS_2049.trim.vcf.idx
s03_trimmed_vcfs/RMS_2050.trim.vcf
s03_trimmed_vcfs/RMS_2050.trim.vcf.idx
s03_trimmed_vcfs/RMS_2051.trim.vcf
s03_trimmed_vcfs/RMS_2051.trim.vcf.idx
s03_trimmed_vcfs/RMS_2052.trim.vcf
s03_trimmed_vcfs/RMS_2052.trim.vcf.idx
s03_trimmed_vcfs/RMS_2053.trim.vcf
s03_trimmed_vcfs/RMS_2053.trim.vcf.idx
s03_trimmed_vcfs/RMS_2054.trim.vcf
s03_trimmed_vcfs/RMS_2054.trim.vcf.idx
s03_trimmed_vcfs/RMS_2055.trim.vcf
s03_trimmed_vcfs/RMS_2055.trim.vcf.idx
s03_trimmed_vcfs/RMS_2056.trim.vcf
s03_trimmed_vcfs/RMS_2056.trim.vcf.idx
s03_trimmed_vcfs/RMS_2057.trim.vcf
s03_trimmed_vcfs/RMS_2057.trim.vcf.idx
s03_trimmed_vcfs/RMS_2058.trim.vcf
s03_trimmed_vcfs/RMS_2058.trim.vcf.idx
s03_trimmed_vcfs/RMS_2061.trim.vcf
s03_trimmed_vcfs/RMS_2061.trim.vcf.idx
s03_trimmed_vcfs/RMS_2062.trim.vcf
s03_trimmed_vcfs/RMS_2062.trim.vcf.idx
s03_trimmed_vcfs/RMS_2063.trim.vcf
s03_trimmed_vcfs/RMS_2063.trim.vcf.idx
s03_trimmed_vcfs/RMS_2064.trim.vcf
s03_trimmed_vcfs/RMS_2064.trim.vcf.idx
s03_trimmed_vcfs/RMS_2065.trim.vcf
s03_trimmed_vcfs/RMS_2065.trim.vcf.idx
s03_trimmed_vcfs/RMS_2067.trim.vcf
s03_trimmed_vcfs/RMS_2067.trim.vcf.idx
s03_trimmed_vcfs/RMS_2071.trim.vcf
s03_trimmed_vcfs/RMS_2071.trim.vcf.idx
s03_trimmed_vcfs/RMS_2072.trim.vcf
s03_trimmed_vcfs/RMS_2072.trim.vcf.idx
s03_trimmed_vcfs/RMS_2074.trim.vcf
s03_trimmed_vcfs/RMS_2074.trim.vcf.idx
s03_trimmed_vcfs/RMS_2075.trim.vcf
s03_trimmed_vcfs/RMS_2075.trim.vcf.idx
s03_trimmed_vcfs/RMS_2076.trim.vcf
s03_trimmed_vcfs/RMS_2076.trim.vcf.idx
s03_trimmed_vcfs/RMS_2077.trim.vcf
s03_trimmed_vcfs/RMS_2077.trim.vcf.idx
s03_trimmed_vcfs/RMS_2078.trim.vcf
s03_trimmed_vcfs/RMS_2078.trim.vcf.idx
s03_trimmed_vcfs/RMS_2080.trim.vcf
s03_trimmed_vcfs/RMS_2080.trim.vcf.idx
s03_trimmed_vcfs/RMS_2081.trim.vcf
s03_trimmed_vcfs/RMS_2081.trim.vcf.idx
s03_trimmed_vcfs/RMS_2082.trim.vcf
s03_trimmed_vcfs/RMS_2082.trim.vcf.idx
s03_trimmed_vcfs/RMS_2084.trim.vcf
s03_trimmed_vcfs/RMS_2084.trim.vcf.idx
s03_trimmed_vcfs/RMS_2085.trim.vcf
s03_trimmed_vcfs/RMS_2085.trim.vcf.idx
s03_trimmed_vcfs/RMS_2088.trim.vcf
s03_trimmed_vcfs/RMS_2088.trim.vcf.idx
s03_trimmed_vcfs/RMS_2089.trim.vcf
s03_trimmed_vcfs/RMS_2089.trim.vcf.idx
s03_trimmed_vcfs/RMS_2090.trim.vcf
s03_trimmed_vcfs/RMS_2090.trim.vcf.idx
s03_trimmed_vcfs/RMS_2091.trim.vcf
s03_trimmed_vcfs/RMS_2091.trim.vcf.idx
s03_trimmed_vcfs/RMS_2092.trim.vcf
s03_trimmed_vcfs/RMS_2092.trim.vcf.idx
s03_trimmed_vcfs/RMS_2093.trim.vcf
s03_trimmed_vcfs/RMS_2093.trim.vcf.idx
s03_trimmed_vcfs/RMS_2094.trim.vcf
s03_trimmed_vcfs/RMS_2094.trim.vcf.idx
s03_trimmed_vcfs/RMS_2097.trim.vcf
s03_trimmed_vcfs/RMS_2097.trim.vcf.idx
s03_trimmed_vcfs/RMS_2098.trim.vcf
s03_trimmed_vcfs/RMS_2098.trim.vcf.idx
s03_trimmed_vcfs/RMS_2099.trim.vcf
s03_trimmed_vcfs/RMS_2099.trim.vcf.idx
s03_trimmed_vcfs/RMS_2100.trim.vcf
s03_trimmed_vcfs/RMS_2100.trim.vcf.idx
s03_trimmed_vcfs/RMS_2102.trim.vcf
s03_trimmed_vcfs/RMS_2102.trim.vcf.idx

sent 2.06G bytes  received 4.59K bytes  87.79M bytes/sec
total size is 2.06G  speedup is 1.00
Filtered data

sending incremental file list
s04_filtered_vcfs/
s04_filtered_vcfs/RMS_0001.filt.vcf
s04_filtered_vcfs/RMS_0001.filt.vcf.idx
s04_filtered_vcfs/RMS_0002.filt.vcf
s04_filtered_vcfs/RMS_0002.filt.vcf.idx
s04_filtered_vcfs/RMS_0004.filt.vcf
s04_filtered_vcfs/RMS_0004.filt.vcf.idx
s04_filtered_vcfs/RMS_0006.filt.vcf
s04_filtered_vcfs/RMS_0006.filt.vcf.idx
s04_filtered_vcfs/RMS_0007.filt.vcf
s04_filtered_vcfs/RMS_0007.filt.vcf.idx
s04_filtered_vcfs/RMS_0008.filt.vcf
s04_filtered_vcfs/RMS_0008.filt.vcf.idx
s04_filtered_vcfs/RMS_0047.filt.vcf
s04_filtered_vcfs/RMS_0047.filt.vcf.idx
s04_filtered_vcfs/RMS_0049.filt.vcf
s04_filtered_vcfs/RMS_0049.filt.vcf.idx
s04_filtered_vcfs/RMS_0051.filt.vcf
s04_filtered_vcfs/RMS_0051.filt.vcf.idx
s04_filtered_vcfs/RMS_0053.filt.vcf
s04_filtered_vcfs/RMS_0053.filt.vcf.idx
s04_filtered_vcfs/RMS_0055.filt.vcf
s04_filtered_vcfs/RMS_0055.filt.vcf.idx
s04_filtered_vcfs/RMS_0057.filt.vcf
s04_filtered_vcfs/RMS_0057.filt.vcf.idx
s04_filtered_vcfs/RMS_0061.filt.vcf
s04_filtered_vcfs/RMS_0061.filt.vcf.idx
s04_filtered_vcfs/RMS_0202.filt.vcf
s04_filtered_vcfs/RMS_0202.filt.vcf.idx
s04_filtered_vcfs/RMS_0204.filt.vcf
s04_filtered_vcfs/RMS_0204.filt.vcf.idx
s04_filtered_vcfs/RMS_0205.filt.vcf
s04_filtered_vcfs/RMS_0205.filt.vcf.idx
s04_filtered_vcfs/RMS_0206.filt.vcf
s04_filtered_vcfs/RMS_0206.filt.vcf.idx
s04_filtered_vcfs/RMS_0208.filt.vcf
s04_filtered_vcfs/RMS_0208.filt.vcf.idx
s04_filtered_vcfs/RMS_0209.filt.vcf
s04_filtered_vcfs/RMS_0209.filt.vcf.idx
s04_filtered_vcfs/RMS_0210.filt.vcf
s04_filtered_vcfs/RMS_0210.filt.vcf.idx
s04_filtered_vcfs/RMS_0211.filt.vcf
s04_filtered_vcfs/RMS_0211.filt.vcf.idx
s04_filtered_vcfs/RMS_0214.filt.vcf
s04_filtered_vcfs/RMS_0214.filt.vcf.idx
s04_filtered_vcfs/RMS_0216.filt.vcf
s04_filtered_vcfs/RMS_0216.filt.vcf.idx
s04_filtered_vcfs/RMS_0217.filt.vcf
s04_filtered_vcfs/RMS_0217.filt.vcf.idx
s04_filtered_vcfs/RMS_0221.filt.vcf
s04_filtered_vcfs/RMS_0221.filt.vcf.idx
s04_filtered_vcfs/RMS_0222.filt.vcf
s04_filtered_vcfs/RMS_0222.filt.vcf.idx
s04_filtered_vcfs/RMS_0223.filt.vcf
s04_filtered_vcfs/RMS_0223.filt.vcf.idx
s04_filtered_vcfs/RMS_0224.filt.vcf
s04_filtered_vcfs/RMS_0224.filt.vcf.idx
s04_filtered_vcfs/RMS_0225.filt.vcf
s04_filtered_vcfs/RMS_0225.filt.vcf.idx
s04_filtered_vcfs/RMS_0226.filt.vcf
s04_filtered_vcfs/RMS_0226.filt.vcf.idx
s04_filtered_vcfs/RMS_0227.filt.vcf
s04_filtered_vcfs/RMS_0227.filt.vcf.idx
s04_filtered_vcfs/RMS_0228.filt.vcf
s04_filtered_vcfs/RMS_0228.filt.vcf.idx
s04_filtered_vcfs/RMS_0229.filt.vcf
s04_filtered_vcfs/RMS_0229.filt.vcf.idx
s04_filtered_vcfs/RMS_0230.filt.vcf
s04_filtered_vcfs/RMS_0230.filt.vcf.idx
s04_filtered_vcfs/RMS_0231.filt.vcf
s04_filtered_vcfs/RMS_0231.filt.vcf.idx
s04_filtered_vcfs/RMS_0232.filt.vcf
s04_filtered_vcfs/RMS_0232.filt.vcf.idx
s04_filtered_vcfs/RMS_0235.filt.vcf
s04_filtered_vcfs/RMS_0235.filt.vcf.idx
s04_filtered_vcfs/RMS_0238.filt.vcf
s04_filtered_vcfs/RMS_0238.filt.vcf.idx
s04_filtered_vcfs/RMS_0239.filt.vcf
s04_filtered_vcfs/RMS_0239.filt.vcf.idx
s04_filtered_vcfs/RMS_0240.filt.vcf
s04_filtered_vcfs/RMS_0240.filt.vcf.idx
s04_filtered_vcfs/RMS_0242.filt.vcf
s04_filtered_vcfs/RMS_0242.filt.vcf.idx
s04_filtered_vcfs/RMS_0244.filt.vcf
s04_filtered_vcfs/RMS_0244.filt.vcf.idx
s04_filtered_vcfs/RMS_0246.filt.vcf
s04_filtered_vcfs/RMS_0246.filt.vcf.idx
s04_filtered_vcfs/RMS_0247.filt.vcf
s04_filtered_vcfs/RMS_0247.filt.vcf.idx
s04_filtered_vcfs/RMS_0248.filt.vcf
s04_filtered_vcfs/RMS_0248.filt.vcf.idx
s04_filtered_vcfs/RMS_2001.filt.vcf
s04_filtered_vcfs/RMS_2001.filt.vcf.idx
s04_filtered_vcfs/RMS_2002.filt.vcf
s04_filtered_vcfs/RMS_2002.filt.vcf.idx
s04_filtered_vcfs/RMS_2003.filt.vcf
s04_filtered_vcfs/RMS_2003.filt.vcf.idx
s04_filtered_vcfs/RMS_2004.filt.vcf
s04_filtered_vcfs/RMS_2004.filt.vcf.idx
s04_filtered_vcfs/RMS_2007.filt.vcf
s04_filtered_vcfs/RMS_2007.filt.vcf.idx
s04_filtered_vcfs/RMS_2008.filt.vcf
s04_filtered_vcfs/RMS_2008.filt.vcf.idx
s04_filtered_vcfs/RMS_2015.filt.vcf
s04_filtered_vcfs/RMS_2015.filt.vcf.idx
s04_filtered_vcfs/RMS_2016.filt.vcf
s04_filtered_vcfs/RMS_2016.filt.vcf.idx
s04_filtered_vcfs/RMS_2017.filt.vcf
s04_filtered_vcfs/RMS_2017.filt.vcf.idx
s04_filtered_vcfs/RMS_2018.filt.vcf
s04_filtered_vcfs/RMS_2018.filt.vcf.idx
s04_filtered_vcfs/RMS_2019.filt.vcf
s04_filtered_vcfs/RMS_2019.filt.vcf.idx
s04_filtered_vcfs/RMS_2020.filt.vcf
s04_filtered_vcfs/RMS_2020.filt.vcf.idx
s04_filtered_vcfs/RMS_2023.filt.vcf
s04_filtered_vcfs/RMS_2023.filt.vcf.idx
s04_filtered_vcfs/RMS_2024.filt.vcf
s04_filtered_vcfs/RMS_2024.filt.vcf.idx
s04_filtered_vcfs/RMS_2025.filt.vcf
s04_filtered_vcfs/RMS_2025.filt.vcf.idx
s04_filtered_vcfs/RMS_2028.filt.vcf
s04_filtered_vcfs/RMS_2028.filt.vcf.idx
s04_filtered_vcfs/RMS_2029.filt.vcf
s04_filtered_vcfs/RMS_2029.filt.vcf.idx
s04_filtered_vcfs/RMS_2030.filt.vcf
s04_filtered_vcfs/RMS_2030.filt.vcf.idx
s04_filtered_vcfs/RMS_2031.filt.vcf
s04_filtered_vcfs/RMS_2031.filt.vcf.idx
s04_filtered_vcfs/RMS_2032.filt.vcf
s04_filtered_vcfs/RMS_2032.filt.vcf.idx
s04_filtered_vcfs/RMS_2034.filt.vcf
s04_filtered_vcfs/RMS_2034.filt.vcf.idx
s04_filtered_vcfs/RMS_2035.filt.vcf
s04_filtered_vcfs/RMS_2035.filt.vcf.idx
s04_filtered_vcfs/RMS_2036.filt.vcf
s04_filtered_vcfs/RMS_2036.filt.vcf.idx
s04_filtered_vcfs/RMS_2037.filt.vcf
s04_filtered_vcfs/RMS_2037.filt.vcf.idx
s04_filtered_vcfs/RMS_2038.filt.vcf
s04_filtered_vcfs/RMS_2038.filt.vcf.idx
s04_filtered_vcfs/RMS_2039.filt.vcf
s04_filtered_vcfs/RMS_2039.filt.vcf.idx
s04_filtered_vcfs/RMS_2040.filt.vcf
s04_filtered_vcfs/RMS_2040.filt.vcf.idx
s04_filtered_vcfs/RMS_2041.filt.vcf
s04_filtered_vcfs/RMS_2041.filt.vcf.idx
s04_filtered_vcfs/RMS_2042.filt.vcf
s04_filtered_vcfs/RMS_2042.filt.vcf.idx
s04_filtered_vcfs/RMS_2043.filt.vcf
s04_filtered_vcfs/RMS_2043.filt.vcf.idx
s04_filtered_vcfs/RMS_2044.filt.vcf
s04_filtered_vcfs/RMS_2044.filt.vcf.idx
s04_filtered_vcfs/RMS_2045.filt.vcf
s04_filtered_vcfs/RMS_2045.filt.vcf.idx
s04_filtered_vcfs/RMS_2046.filt.vcf
s04_filtered_vcfs/RMS_2046.filt.vcf.idx
s04_filtered_vcfs/RMS_2047.filt.vcf
s04_filtered_vcfs/RMS_2047.filt.vcf.idx
s04_filtered_vcfs/RMS_2048.filt.vcf
s04_filtered_vcfs/RMS_2048.filt.vcf.idx
s04_filtered_vcfs/RMS_2049.filt.vcf
s04_filtered_vcfs/RMS_2049.filt.vcf.idx
s04_filtered_vcfs/RMS_2050.filt.vcf
s04_filtered_vcfs/RMS_2050.filt.vcf.idx
s04_filtered_vcfs/RMS_2051.filt.vcf
s04_filtered_vcfs/RMS_2051.filt.vcf.idx
s04_filtered_vcfs/RMS_2052.filt.vcf
s04_filtered_vcfs/RMS_2052.filt.vcf.idx
s04_filtered_vcfs/RMS_2053.filt.vcf
s04_filtered_vcfs/RMS_2053.filt.vcf.idx
s04_filtered_vcfs/RMS_2054.filt.vcf
s04_filtered_vcfs/RMS_2054.filt.vcf.idx
s04_filtered_vcfs/RMS_2055.filt.vcf
s04_filtered_vcfs/RMS_2055.filt.vcf.idx
s04_filtered_vcfs/RMS_2056.filt.vcf
s04_filtered_vcfs/RMS_2056.filt.vcf.idx
s04_filtered_vcfs/RMS_2057.filt.vcf
s04_filtered_vcfs/RMS_2057.filt.vcf.idx
s04_filtered_vcfs/RMS_2058.filt.vcf
s04_filtered_vcfs/RMS_2058.filt.vcf.idx
s04_filtered_vcfs/RMS_2061.filt.vcf
s04_filtered_vcfs/RMS_2061.filt.vcf.idx
s04_filtered_vcfs/RMS_2062.filt.vcf
s04_filtered_vcfs/RMS_2062.filt.vcf.idx
s04_filtered_vcfs/RMS_2063.filt.vcf
s04_filtered_vcfs/RMS_2063.filt.vcf.idx
s04_filtered_vcfs/RMS_2064.filt.vcf
s04_filtered_vcfs/RMS_2064.filt.vcf.idx
s04_filtered_vcfs/RMS_2065.filt.vcf
s04_filtered_vcfs/RMS_2065.filt.vcf.idx
s04_filtered_vcfs/RMS_2067.filt.vcf
s04_filtered_vcfs/RMS_2067.filt.vcf.idx
s04_filtered_vcfs/RMS_2071.filt.vcf
s04_filtered_vcfs/RMS_2071.filt.vcf.idx
s04_filtered_vcfs/RMS_2072.filt.vcf
s04_filtered_vcfs/RMS_2072.filt.vcf.idx
s04_filtered_vcfs/RMS_2074.filt.vcf
s04_filtered_vcfs/RMS_2074.filt.vcf.idx
s04_filtered_vcfs/RMS_2075.filt.vcf
s04_filtered_vcfs/RMS_2075.filt.vcf.idx
s04_filtered_vcfs/RMS_2076.filt.vcf
s04_filtered_vcfs/RMS_2076.filt.vcf.idx
s04_filtered_vcfs/RMS_2077.filt.vcf
s04_filtered_vcfs/RMS_2077.filt.vcf.idx
s04_filtered_vcfs/RMS_2078.filt.vcf
s04_filtered_vcfs/RMS_2078.filt.vcf.idx
s04_filtered_vcfs/RMS_2080.filt.vcf
s04_filtered_vcfs/RMS_2080.filt.vcf.idx
s04_filtered_vcfs/RMS_2081.filt.vcf
s04_filtered_vcfs/RMS_2081.filt.vcf.idx
s04_filtered_vcfs/RMS_2082.filt.vcf
s04_filtered_vcfs/RMS_2082.filt.vcf.idx
s04_filtered_vcfs/RMS_2084.filt.vcf
s04_filtered_vcfs/RMS_2084.filt.vcf.idx
s04_filtered_vcfs/RMS_2085.filt.vcf
s04_filtered_vcfs/RMS_2085.filt.vcf.idx
s04_filtered_vcfs/RMS_2088.filt.vcf
s04_filtered_vcfs/RMS_2088.filt.vcf.idx
s04_filtered_vcfs/RMS_2089.filt.vcf
s04_filtered_vcfs/RMS_2089.filt.vcf.idx
s04_filtered_vcfs/RMS_2090.filt.vcf
s04_filtered_vcfs/RMS_2090.filt.vcf.idx
s04_filtered_vcfs/RMS_2091.filt.vcf
s04_filtered_vcfs/RMS_2091.filt.vcf.idx
s04_filtered_vcfs/RMS_2092.filt.vcf
s04_filtered_vcfs/RMS_2092.filt.vcf.idx
s04_filtered_vcfs/RMS_2093.filt.vcf
s04_filtered_vcfs/RMS_2093.filt.vcf.idx
s04_filtered_vcfs/RMS_2094.filt.vcf
s04_filtered_vcfs/RMS_2094.filt.vcf.idx
s04_filtered_vcfs/RMS_2097.filt.vcf
s04_filtered_vcfs/RMS_2097.filt.vcf.idx
s04_filtered_vcfs/RMS_2098.filt.vcf
s04_filtered_vcfs/RMS_2098.filt.vcf.idx
s04_filtered_vcfs/RMS_2099.filt.vcf
s04_filtered_vcfs/RMS_2099.filt.vcf.idx
s04_filtered_vcfs/RMS_2100.filt.vcf
s04_filtered_vcfs/RMS_2100.filt.vcf.idx
s04_filtered_vcfs/RMS_2102.filt.vcf
s04_filtered_vcfs/RMS_2102.filt.vcf.idx

sent 1.62G bytes  received 4.59K bytes  98.31M bytes/sec
total size is 1.62G  speedup is 1.00

Completed: 10Jun2016_10:38:30
